build/app/intermediates/manifest_merge_blame_file/debug/manifest-merger-blame-debug-report.txt
1<?xml version="1.0" encoding="utf-8"?>
2<manifest xmlns:android="http://schemas.android.com/apk/res/android"
3    package="com.helper"
4    android:versionCode="1"
5    android:versionName="1.0.0" >
6
7    <uses-sdk
8        android:minSdkVersion="20"
9        android:targetSdkVersion="28" />
10    <!--
11         Flutter needs it to communicate with the running application
12         to allow setting breakpoints, to provide hot reload, etc.
13    -->
14    <uses-permission android:name="android.permission.INTERNET" />
14-->src\main\AndroidManifest.xml:9:5-67
14-->src\main\AndroidManifest.xml:9:22-64
15    <!--
16     io.flutter.app.FlutterApplication is an android.app.Application that
17         calls FlutterMain.startInitialization(this); in its onCreate method.
18         In most cases you can leave this as-is, but you if you want to provide
19         additional functionality it is fine to subclass or reimplement
20         FlutterApplication and put your custom class here.
21    -->
22    <uses-permission android:name="android.permission.READ_CONTACTS" />
22-->src\main\AndroidManifest.xml:8:5-72
22-->src\main\AndroidManifest.xml:8:22-69
23    <uses-permission android:name="android.permission.ACCESS_NOTIFICATION_POLICY" />
23-->src\main\AndroidManifest.xml:10:5-84
23-->src\main\AndroidManifest.xml:10:22-82
24    <uses-permission android:name="android.permission.FOREGROUND_SERVICE" />
24-->src\main\AndroidManifest.xml:11:5-77
24-->src\main\AndroidManifest.xml:11:22-74
25    <uses-permission android:name="android.permission.ACCESS_BACKGROUND_LOCATION" />
25-->src\main\AndroidManifest.xml:12:5-84
25-->src\main\AndroidManifest.xml:12:22-82
26    <uses-permission android:name="android.permission.READ_EXTERNAL_STORAGE" />
26-->src\main\AndroidManifest.xml:13:5-79
26-->src\main\AndroidManifest.xml:13:22-77
27    <uses-permission android:name="android.permission.WRITE_EXTERNAL_STORAGE" />
27-->src\main\AndroidManifest.xml:14:5-80
27-->src\main\AndroidManifest.xml:14:22-78
28
29    <queries>
29-->[:contacts_service] AndroidManifest.xml:9:5-22:15
30        <intent>
30-->[:contacts_service] AndroidManifest.xml:10:9-12:18
31            <action android:name="android.accounts.AccountAuthenticator" />
31-->[:contacts_service] AndroidManifest.xml:11:13-76
31-->[:contacts_service] AndroidManifest.xml:11:21-73
32        </intent>
33        <!-- Allows the app to load an icon corresponding to the custom MIME type. -->
34        <intent>
34-->[:contacts_service] AndroidManifest.xml:14:9-21:18
35            <action android:name="android.intent.action.VIEW" />
35-->[:contacts_service] AndroidManifest.xml:15:13-65
35-->[:contacts_service] AndroidManifest.xml:15:21-62
36
37            <data
37-->[:contacts_service] AndroidManifest.xml:17:13-20:44
38                android:host="com.android.contacts"
38-->[:contacts_service] AndroidManifest.xml:18:17-52
39                android:mimeType="vnd.android.cursor.item/*"
39-->[:contacts_service] AndroidManifest.xml:19:17-61
40                android:scheme="content" />
40-->[:contacts_service] AndroidManifest.xml:20:17-41
41        </intent>
42    </queries>
43
44    <uses-permission android:name="android.permission.ACCESS_NETWORK_STATE" />
44-->[:firebase_analytics] AndroidManifest.xml:7:5-79
44-->[:firebase_analytics] AndroidManifest.xml:7:22-76
45    <uses-permission android:name="android.permission.WAKE_LOCK" />
45-->[:firebase_analytics] AndroidManifest.xml:9:5-68
45-->[:firebase_analytics] AndroidManifest.xml:9:22-65
46    <uses-permission android:name="android.permission.ACCESS_COARSE_LOCATION" />
46-->[:location] AndroidManifest.xml:7:5-81
46-->[:location] AndroidManifest.xml:7:22-78
47    <uses-permission android:name="android.permission.ACCESS_FINE_LOCATION" />
47-->[:location] AndroidManifest.xml:8:5-79
47-->[:location] AndroidManifest.xml:8:22-76
48
49    <uses-feature
49-->[com.google.android.gms:play-services-maps:17.0.0] AndroidManifest.xml:26:5-28:35
50        android:glEsVersion="0x00020000"
50-->[com.google.android.gms:play-services-maps:17.0.0] AndroidManifest.xml:27:9-41
51        android:required="true" />
51-->[com.google.android.gms:play-services-maps:17.0.0] AndroidManifest.xml:28:9-32
52
53    <uses-permission android:name="com.google.android.finsky.permission.BIND_GET_INSTALL_REFERRER_SERVICE" /> <!-- Include required permissions for Advertising Id -->
53-->[com.google.android.gms:play-services-measurement:20.0.2] AndroidManifest.xml:26:5-110
53-->[com.google.android.gms:play-services-measurement:20.0.2] AndroidManifest.xml:26:22-107
54    <uses-permission android:name="com.google.android.gms.permission.AD_ID" />
54-->[com.google.android.gms:play-services-ads-identifier:18.0.0] AndroidManifest.xml:23:5-79
54-->[com.google.android.gms:play-services-ads-identifier:18.0.0] AndroidManifest.xml:23:22-76
55
56    <application
56-->src\main\AndroidManifest.xml:16:5-38:19
57        android:name="androidx.multidex.MultiDexApplication"
58        android:appComponentFactory="androidx.core.app.CoreComponentFactory"
58-->[androidx.core:core:1.6.0] AndroidManifest.xml:24:18-86
59        android:debuggable="true"
60        android:icon="@mipmap/ic_launcher"
60-->src\main\AndroidManifest.xml:18:9-43
61        android:label="helper" >
61-->src\main\AndroidManifest.xml:17:9-31
62        <meta-data
62-->src\main\AndroidManifest.xml:19:9-20:70
63            android:name="com.google.android.geo.API_KEY"
63-->src\main\AndroidManifest.xml:19:20-65
64            android:value="AIzaSyA5f11Wfyc19EMDra-l_Em0NMxfrOBn15A" />
64-->src\main\AndroidManifest.xml:20:13-68
65
66        <activity
66-->src\main\AndroidManifest.xml:21:9-32:20
67            android:name="com.helper.MainActivity"
67-->src\main\AndroidManifest.xml:22:13-41
68            android:configChanges="orientation|keyboardHidden|keyboard|screenSize|smallestScreenSize|locale|layoutDirection|fontScale|screenLayout|density|uiMode"
68-->src\main\AndroidManifest.xml:25:13-163
69            android:hardwareAccelerated="true"
69-->src\main\AndroidManifest.xml:26:13-47
70            android:launchMode="singleTop"
70-->src\main\AndroidManifest.xml:23:13-43
71            android:theme="@style/LaunchTheme"
71-->src\main\AndroidManifest.xml:24:13-47
72            android:windowSoftInputMode="adjustResize" >
72-->src\main\AndroidManifest.xml:27:13-55
73            <intent-filter>
73-->src\main\AndroidManifest.xml:28:13-31:29
74                <action android:name="android.intent.action.MAIN" />
74-->src\main\AndroidManifest.xml:29:17-68
74-->src\main\AndroidManifest.xml:29:25-66
75
76                <category android:name="android.intent.category.LAUNCHER" />
76-->src\main\AndroidManifest.xml:30:17-76
76-->src\main\AndroidManifest.xml:30:27-74
77            </intent-filter>
78        </activity>
79        <!--
80             Don't delete the meta-data below.
81             This is used by the Flutter tool to generate GeneratedPluginRegistrant.java
82        -->
83        <meta-data
83-->src\main\AndroidManifest.xml:35:9-37:33
84            android:name="flutterEmbedding"
84-->src\main\AndroidManifest.xml:36:13-44
85            android:value="2" />
85-->src\main\AndroidManifest.xml:37:13-30
86
87        <provider
87-->[:image_picker_android] AndroidManifest.xml:8:9-16:20
88            android:name="io.flutter.plugins.imagepicker.ImagePickerFileProvider"
88-->[:image_picker_android] AndroidManifest.xml:9:13-82
89            android:authorities="com.helper.flutter.image_provider"
89-->[:image_picker_android] AndroidManifest.xml:10:13-74
90            android:exported="false"
90-->[:image_picker_android] AndroidManifest.xml:11:13-37
91            android:grantUriPermissions="true" >
91-->[:image_picker_android] AndroidManifest.xml:12:13-47
92            <meta-data
92-->[:image_picker_android] AndroidManifest.xml:13:13-15:75
93                android:name="android.support.FILE_PROVIDER_PATHS"
93-->[:image_picker_android] AndroidManifest.xml:14:17-67
94                android:resource="@xml/flutter_image_picker_file_paths" />
94-->[:image_picker_android] AndroidManifest.xml:15:17-72
95        </provider>
96
97        <service
97-->[:firebase_analytics] AndroidManifest.xml:12:9-16:19
98            android:name="com.google.firebase.components.ComponentDiscoveryService"
98-->[:firebase_analytics] AndroidManifest.xml:12:18-89
99            android:directBootAware="true"
99-->[com.google.firebase:firebase-common:20.0.0] AndroidManifest.xml:35:13-43
100            android:exported="false" >
100-->[com.google.firebase:firebase-auth:21.0.1] AndroidManifest.xml:76:13-37
101            <meta-data
101-->[:firebase_analytics] AndroidManifest.xml:13:13-15:85
102                android:name="com.google.firebase.components:io.flutter.plugins.firebaseanalytics.FlutterFirebaseAppRegistrar"
102-->[:firebase_analytics] AndroidManifest.xml:14:17-127
103                android:value="com.google.firebase.components.ComponentRegistrar" />
103-->[:firebase_analytics] AndroidManifest.xml:15:17-82
104            <meta-data
104-->[:firebase_database] AndroidManifest.xml:9:13-11:85
105                android:name="com.google.firebase.components:io.flutter.plugins.firebase.database.FlutterFirebaseAppRegistrar"
105-->[:firebase_database] AndroidManifest.xml:10:17-127
106                android:value="com.google.firebase.components.ComponentRegistrar" />
106-->[:firebase_database] AndroidManifest.xml:11:17-82
107            <meta-data
107-->[:firebase_auth] AndroidManifest.xml:9:13-11:85
108                android:name="com.google.firebase.components:io.flutter.plugins.firebase.auth.FlutterFirebaseAuthRegistrar"
108-->[:firebase_auth] AndroidManifest.xml:10:17-124
109                android:value="com.google.firebase.components.ComponentRegistrar" />
109-->[:firebase_auth] AndroidManifest.xml:11:17-82
110            <meta-data
110-->[:firebase_core] AndroidManifest.xml:9:13-11:85
111                android:name="com.google.firebase.components:io.flutter.plugins.firebase.core.FlutterFirebaseCoreRegistrar"
111-->[:firebase_core] AndroidManifest.xml:10:17-124
112                android:value="com.google.firebase.components.ComponentRegistrar" />
112-->[:firebase_core] AndroidManifest.xml:11:17-82
113            <meta-data
113-->[com.google.firebase:firebase-auth:21.0.1] AndroidManifest.xml:77:13-79:85
114                android:name="com.google.firebase.components:com.google.firebase.auth.FirebaseAuthRegistrar"
114-->[com.google.firebase:firebase-auth:21.0.1] AndroidManifest.xml:78:17-109
115                android:value="com.google.firebase.components.ComponentRegistrar" />
115-->[com.google.firebase:firebase-auth:21.0.1] AndroidManifest.xml:79:17-82
116            <meta-data
116-->[com.google.firebase:firebase-database:20.0.3] AndroidManifest.xml:32:13-34:85
117                android:name="com.google.firebase.components:com.google.firebase.database.DatabaseRegistrar"
117-->[com.google.firebase:firebase-database:20.0.3] AndroidManifest.xml:33:17-109
118                android:value="com.google.firebase.components.ComponentRegistrar" />
118-->[com.google.firebase:firebase-database:20.0.3] AndroidManifest.xml:34:17-82
119            <meta-data
119-->[com.google.android.gms:play-services-measurement-api:20.0.2] AndroidManifest.xml:30:13-32:85
120                android:name="com.google.firebase.components:com.google.firebase.analytics.connector.internal.AnalyticsConnectorRegistrar"
120-->[com.google.android.gms:play-services-measurement-api:20.0.2] AndroidManifest.xml:31:17-139
121                android:value="com.google.firebase.components.ComponentRegistrar" />
121-->[com.google.android.gms:play-services-measurement-api:20.0.2] AndroidManifest.xml:32:17-82
122            <meta-data
122-->[com.google.firebase:firebase-installations:17.0.0] AndroidManifest.xml:18:13-20:85
123                android:name="com.google.firebase.components:com.google.firebase.installations.FirebaseInstallationsRegistrar"
123-->[com.google.firebase:firebase-installations:17.0.0] AndroidManifest.xml:19:17-127
124                android:value="com.google.firebase.components.ComponentRegistrar" />
124-->[com.google.firebase:firebase-installations:17.0.0] AndroidManifest.xml:20:17-82
125        </service>
126        <service
126-->[:location] AndroidManifest.xml:11:9-15:56
127            android:name="com.lyokone.location.FlutterLocationService"
127-->[:location] AndroidManifest.xml:12:13-71
128            android:enabled="true"
128-->[:location] AndroidManifest.xml:13:13-35
129            android:exported="false"
129-->[:location] AndroidManifest.xml:14:13-37
130            android:foregroundServiceType="location" />
130-->[:location] AndroidManifest.xml:15:13-53
131
132        <uses-library
132-->[androidx.window:window:1.0.0-beta04] AndroidManifest.xml:25:9-27:40
133            android:name="androidx.window.extensions"
133-->[androidx.window:window:1.0.0-beta04] AndroidManifest.xml:26:13-54
134            android:required="false" />
134-->[androidx.window:window:1.0.0-beta04] AndroidManifest.xml:27:13-37
135        <uses-library
135-->[androidx.window:window:1.0.0-beta04] AndroidManifest.xml:28:9-30:40
136            android:name="androidx.window.sidecar"
136-->[androidx.window:window:1.0.0-beta04] AndroidManifest.xml:29:13-51
137            android:required="false" />
137-->[androidx.window:window:1.0.0-beta04] AndroidManifest.xml:30:13-37
138
139        <activity
139-->[com.google.firebase:firebase-auth:21.0.1] AndroidManifest.xml:27:9-44:20
140            android:name="com.google.firebase.auth.internal.GenericIdpActivity"
140-->[com.google.firebase:firebase-auth:21.0.1] AndroidManifest.xml:28:13-80
141            android:excludeFromRecents="true"
141-->[com.google.firebase:firebase-auth:21.0.1] AndroidManifest.xml:29:13-46
142            android:exported="true"
142-->[com.google.firebase:firebase-auth:21.0.1] AndroidManifest.xml:30:13-36
143            android:launchMode="singleTask"
143-->[com.google.firebase:firebase-auth:21.0.1] AndroidManifest.xml:31:13-44
144            android:theme="@android:style/Theme.Translucent.NoTitleBar" >
144-->[com.google.firebase:firebase-auth:21.0.1] AndroidManifest.xml:32:13-72
145            <intent-filter>
145-->[com.google.firebase:firebase-auth:21.0.1] AndroidManifest.xml:33:13-43:29
146                <action android:name="android.intent.action.VIEW" />
146-->[:contacts_service] AndroidManifest.xml:15:13-65
146-->[:contacts_service] AndroidManifest.xml:15:21-62
147
148                <category android:name="android.intent.category.DEFAULT" />
148-->[com.google.firebase:firebase-auth:21.0.1] AndroidManifest.xml:36:17-76
148-->[com.google.firebase:firebase-auth:21.0.1] AndroidManifest.xml:36:27-73
149                <category android:name="android.intent.category.BROWSABLE" />
149-->[com.google.firebase:firebase-auth:21.0.1] AndroidManifest.xml:37:17-78
149-->[com.google.firebase:firebase-auth:21.0.1] AndroidManifest.xml:37:27-75
150
151                <data
151-->[:contacts_service] AndroidManifest.xml:17:13-20:44
152                    android:host="firebase.auth"
152-->[:contacts_service] AndroidManifest.xml:18:17-52
153                    android:path="/"
154                    android:scheme="genericidp" />
154-->[:contacts_service] AndroidManifest.xml:20:17-41
155            </intent-filter>
156        </activity>
157        <activity
157-->[com.google.firebase:firebase-auth:21.0.1] AndroidManifest.xml:45:9-62:20
158            android:name="com.google.firebase.auth.internal.RecaptchaActivity"
158-->[com.google.firebase:firebase-auth:21.0.1] AndroidManifest.xml:46:13-79
159            android:excludeFromRecents="true"
159-->[com.google.firebase:firebase-auth:21.0.1] AndroidManifest.xml:47:13-46
160            android:exported="true"
160-->[com.google.firebase:firebase-auth:21.0.1] AndroidManifest.xml:48:13-36
161            android:launchMode="singleTask"
161-->[com.google.firebase:firebase-auth:21.0.1] AndroidManifest.xml:49:13-44
162            android:theme="@android:style/Theme.Translucent.NoTitleBar" >
162-->[com.google.firebase:firebase-auth:21.0.1] AndroidManifest.xml:50:13-72
163            <intent-filter>
163-->[com.google.firebase:firebase-auth:21.0.1] AndroidManifest.xml:51:13-61:29
164                <action android:name="android.intent.action.VIEW" />
164-->[:contacts_service] AndroidManifest.xml:15:13-65
164-->[:contacts_service] AndroidManifest.xml:15:21-62
165
166                <category android:name="android.intent.category.DEFAULT" />
166-->[com.google.firebase:firebase-auth:21.0.1] AndroidManifest.xml:36:17-76
166-->[com.google.firebase:firebase-auth:21.0.1] AndroidManifest.xml:36:27-73
167                <category android:name="android.intent.category.BROWSABLE" />
167-->[com.google.firebase:firebase-auth:21.0.1] AndroidManifest.xml:37:17-78
167-->[com.google.firebase:firebase-auth:21.0.1] AndroidManifest.xml:37:27-75
168
169                <data
169-->[:contacts_service] AndroidManifest.xml:17:13-20:44
170                    android:host="firebase.auth"
170-->[:contacts_service] AndroidManifest.xml:18:17-52
171                    android:path="/"
172                    android:scheme="recaptcha" />
172-->[:contacts_service] AndroidManifest.xml:20:17-41
173            </intent-filter>
174        </activity>
175
176        <service
176-->[com.google.firebase:firebase-auth:21.0.1] AndroidManifest.xml:64:9-73:19
177            android:name="com.google.firebase.auth.api.fallback.service.FirebaseAuthFallbackService"
177-->[com.google.firebase:firebase-auth:21.0.1] AndroidManifest.xml:65:13-101
178            android:enabled="true"
178-->[com.google.firebase:firebase-auth:21.0.1] AndroidManifest.xml:66:13-35
179            android:exported="false" >
179-->[com.google.firebase:firebase-auth:21.0.1] AndroidManifest.xml:67:13-37
180            <intent-filter>
180-->[com.google.firebase:firebase-auth:21.0.1] AndroidManifest.xml:68:13-72:29
181                <action android:name="com.google.firebase.auth.api.gms.service.START" />
181-->[com.google.firebase:firebase-auth:21.0.1] AndroidManifest.xml:69:17-89
181-->[com.google.firebase:firebase-auth:21.0.1] AndroidManifest.xml:69:25-86
182
183                <category android:name="android.intent.category.DEFAULT" />
183-->[com.google.firebase:firebase-auth:21.0.1] AndroidManifest.xml:36:17-76
183-->[com.google.firebase:firebase-auth:21.0.1] AndroidManifest.xml:36:27-73
184            </intent-filter>
185        </service>
186
187        <provider
187-->[com.google.firebase:firebase-common:20.0.0] AndroidManifest.xml:26:9-31:39
188            android:name="com.google.firebase.provider.FirebaseInitProvider"
188-->[com.google.firebase:firebase-common:20.0.0] AndroidManifest.xml:27:13-77
189            android:authorities="com.helper.firebaseinitprovider"
189-->[com.google.firebase:firebase-common:20.0.0] AndroidManifest.xml:28:13-72
190            android:directBootAware="true"
190-->[com.google.firebase:firebase-common:20.0.0] AndroidManifest.xml:29:13-43
191            android:exported="false"
191-->[com.google.firebase:firebase-common:20.0.0] AndroidManifest.xml:30:13-37
192            android:initOrder="100" /> <!-- Needs to be explicitly declared on P+ -->
192-->[com.google.firebase:firebase-common:20.0.0] AndroidManifest.xml:31:13-36
193        <uses-library
193-->[com.google.android.gms:play-services-maps:17.0.0] AndroidManifest.xml:33:9-35:40
194            android:name="org.apache.http.legacy"
194-->[com.google.android.gms:play-services-maps:17.0.0] AndroidManifest.xml:34:13-50
195            android:required="false" />
195-->[com.google.android.gms:play-services-maps:17.0.0] AndroidManifest.xml:35:13-37
196
197        <activity
197-->[com.google.android.gms:play-services-base:17.1.0] AndroidManifest.xml:23:9-26:75
198            android:name="com.google.android.gms.common.api.GoogleApiActivity"
198-->[com.google.android.gms:play-services-base:17.1.0] AndroidManifest.xml:24:13-79
199            android:exported="false"
199-->[com.google.android.gms:play-services-base:17.1.0] AndroidManifest.xml:25:13-37
200            android:theme="@android:style/Theme.Translucent.NoTitleBar" />
200-->[com.google.android.gms:play-services-base:17.1.0] AndroidManifest.xml:26:13-72
201
202        <receiver
202-->[com.google.android.gms:play-services-measurement:20.0.2] AndroidManifest.xml:29:9-33:20
203            android:name="com.google.android.gms.measurement.AppMeasurementReceiver"
203-->[com.google.android.gms:play-services-measurement:20.0.2] AndroidManifest.xml:30:13-85
204            android:enabled="true"
204-->[com.google.android.gms:play-services-measurement:20.0.2] AndroidManifest.xml:31:13-35
205            android:exported="false" >
205-->[com.google.android.gms:play-services-measurement:20.0.2] AndroidManifest.xml:32:13-37
206        </receiver>
207
208        <service
208-->[com.google.android.gms:play-services-measurement:20.0.2] AndroidManifest.xml:35:9-38:40
209            android:name="com.google.android.gms.measurement.AppMeasurementService"
209-->[com.google.android.gms:play-services-measurement:20.0.2] AndroidManifest.xml:36:13-84
210            android:enabled="true"
210-->[com.google.android.gms:play-services-measurement:20.0.2] AndroidManifest.xml:37:13-35
211            android:exported="false" />
211-->[com.google.android.gms:play-services-measurement:20.0.2] AndroidManifest.xml:38:13-37
212        <service
212-->[com.google.android.gms:play-services-measurement:20.0.2] AndroidManifest.xml:39:9-43:72
213            android:name="com.google.android.gms.measurement.AppMeasurementJobService"
213-->[com.google.android.gms:play-services-measurement:20.0.2] AndroidManifest.xml:40:13-87
214            android:enabled="true"
214-->[com.google.android.gms:play-services-measurement:20.0.2] AndroidManifest.xml:41:13-35
215            android:exported="false"
215-->[com.google.android.gms:play-services-measurement:20.0.2] AndroidManifest.xml:42:13-37
216            android:permission="android.permission.BIND_JOB_SERVICE" />
216-->[com.google.android.gms:play-services-measurement:20.0.2] AndroidManifest.xml:43:13-69
217
218        <meta-data
218-->[com.google.android.gms:play-services-basement:18.0.0] AndroidManifest.xml:21:9-23:69
219            android:name="com.google.android.gms.version"
219-->[com.google.android.gms:play-services-basement:18.0.0] AndroidManifest.xml:22:13-58
220            android:value="@integer/google_play_services_version" />
220-->[com.google.android.gms:play-services-basement:18.0.0] AndroidManifest.xml:23:13-66
221    </application>
222
223</manifest>